<?xml version="1.0" encoding="UTF-8"?>
<testsuite name="io.polybius.phonevalidator.MobilePhoneNumberValidatorTest" tests="1" skipped="0" failures="0" errors="0" timestamp="2021-06-14T11:42:08" hostname="DESKTOP-GA77NJT" time="1.944">
  <properties/>
  <testcase name="validate" classname="io.polybius.phonevalidator.MobilePhoneNumberValidatorTest" time="1.944"/>
  <system-out><![CDATA[]]></system-out>
  <system-err><![CDATA[]]></system-err>
</testsuite>
